<?xml version="1.0" encoding="UTF-8"?>
<!-- Generated by org.testng.reporters.JUnitReportReporter -->
<testsuite hostname="LAPTOP-IQ9B34OU" failures="0" tests="1" name="crud_operation_without_BDD.crud_getAll_project" time="1.474" errors="0" timestamp="2023-01-02T12:01:30 IST" skipped="0">
  <testcase classname="crud_operation_without_BDD.crud_getAll_project" name="getAll" time="1.474"/>
  <system-out/>
</testsuite> <!-- crud_operation_without_BDD.crud_getAll_project -->
