<?xml version="1.0" encoding="UTF-8"?>
<!-- Generated by org.testng.reporters.JUnitReportReporter -->
<testsuite hostname="LAPTOP-IQ9B34OU" failures="0" tests="1" name="BDD_operation.get_without_url" time="1.137" errors="0" timestamp="2022-12-28T11:11:51 IST" skipped="0">
  <testcase classname="BDD_operation.get_without_url" name="get" time="1.137"/>
  <system-out/>
</testsuite> <!-- BDD_operation.get_without_url -->
