<?xml version="1.0" encoding="UTF-8"?>
<!-- Generated by org.testng.reporters.JUnitReportReporter -->
<testsuite hostname="LAPTOP-IQ9B34OU" failures="0" tests="1" name="validation.time_validation" time="1.187" errors="0" timestamp="2023-01-02T12:26:40 IST" skipped="0">
  <testcase classname="validation.time_validation" name="time" time="1.187"/>
  <system-out/>
</testsuite> <!-- validation.time_validation -->
