<?xml version="1.0" encoding="UTF-8"?>
<!-- Generated by org.testng.reporters.JUnitReportReporter -->
<testsuite hostname="LAPTOP-IQ9B34OU" failures="0" tests="1" name="practice_pro.add_pojo_spouse" time="0.183" errors="0" timestamp="2022-12-26T20:02:56 IST" skipped="0">
  <testcase classname="practice_pro.add_pojo_spouse" name="pojo3" time="0.183"/>
  <system-out/>
</testsuite> <!-- practice_pro.add_pojo_spouse -->
