<?xml version="1.0" encoding="UTF-8"?>
<!-- Generated by org.testng.reporters.JUnitReportReporter -->
<testsuite hostname="LAPTOP-IQ9B34OU" failures="0" tests="1" name="pojo_script.PojoSerilizationEmp" time="0.160" errors="0" timestamp="2022-12-26T15:38:55 IST" skipped="0">
  <testcase classname="pojo_script.PojoSerilizationEmp" name="pojoserilization" time="0.160"/>
  <system-out/>
</testsuite> <!-- pojo_script.PojoSerilizationEmp -->
