<?xml version="1.0" encoding="UTF-8"?>
<!-- Generated by org.testng.reporters.JUnitReportReporter -->
<testsuite hostname="LAPTOP-IQ9B34OU" failures="0" tests="1" name="practice_pro.spouse_serilization" time="0.173" errors="0" timestamp="2022-12-26T19:53:07 IST" skipped="0">
  <testcase classname="practice_pro.spouse_serilization" name="pojo2" time="0.173"/>
  <system-out/>
</testsuite> <!-- practice_pro.spouse_serilization -->
