<?xml version="1.0" encoding="UTF-8"?>
<!-- Generated by org.testng.reporters.JUnitReportReporter -->
<testsuite hostname="LAPTOP-IQ9B34OU" failures="0" tests="1" name="crud_operation_without_BDD.Crud_post_validate" time="1.497" errors="0" timestamp="2022-12-28T11:23:43 IST" skipped="0">
  <testcase classname="crud_operation_without_BDD.Crud_post_validate" name="add" time="1.497"/>
  <system-out/>
</testsuite> <!-- crud_operation_without_BDD.Crud_post_validate -->
