<?xml version="1.0" encoding="UTF-8"?>
<!-- Generated by org.testng.reporters.JUnitReportReporter -->
<testsuite hostname="LAPTOP-IQ9B34OU" failures="0" tests="1" name="crud_operation_without_BDD.post_data_2" time="1.430" errors="0" timestamp="2022-12-29T17:30:35 IST" skipped="0">
  <testcase classname="crud_operation_without_BDD.post_data_2" name="add" time="1.430"/>
  <system-out/>
</testsuite> <!-- crud_operation_without_BDD.post_data_2 -->
