<?xml version="1.0" encoding="UTF-8"?>
<!-- Generated by org.testng.reporters.JUnitReportReporter -->
<testsuite hostname="LAPTOP-IQ9B34OU" failures="0" tests="1" name="request_chaining.post_get_request_chaining" time="2.512" errors="0" timestamp="2023-01-02T12:41:47 IST" skipped="0">
  <testcase classname="request_chaining.post_get_request_chaining" name="post" time="2.512"/>
  <system-out/>
</testsuite> <!-- request_chaining.post_get_request_chaining -->
