<?xml version="1.0" encoding="UTF-8"?>
<!-- Generated by org.testng.reporters.JUnitReportReporter -->
<testsuite hostname="LAPTOP-IQ9B34OU" failures="0" tests="1" name="authentication.bearer_2" time="3.504" errors="0" timestamp="2023-01-02T17:17:08 IST" skipped="0">
  <testcase classname="authentication.bearer_2" name="bearer" time="3.504"/>
  <system-out/>
</testsuite> <!-- authentication.bearer_2 -->
