<?xml version="1.0" encoding="UTF-8"?>
<!-- Generated by org.testng.reporters.JUnitReportReporter -->
<testsuite hostname="LAPTOP-IQ9B34OU" failures="0" tests="1" name="BDD_operation.post_Data_using_file" time="1.139" errors="0" timestamp="2022-12-28T17:25:25 IST" skipped="0">
  <testcase classname="BDD_operation.post_Data_using_file" name="post" time="1.139"/>
  <system-out/>
</testsuite> <!-- BDD_operation.post_Data_using_file -->
