<?xml version="1.0" encoding="UTF-8"?>
<!-- Generated by org.testng.reporters.JUnitReportReporter -->
<testsuite hostname="LAPTOP-IQ9B34OU" failures="0" tests="1" name="request_chaining.req_post_get_delet_" time="1.661" errors="0" timestamp="2023-01-02T16:34:26 IST" skipped="0">
  <testcase classname="request_chaining.req_post_get_delet_" name="post" time="1.661"/>
  <system-out/>
</testsuite> <!-- request_chaining.req_post_get_delet_ -->
