<?xml version="1.0" encoding="UTF-8"?>
<!-- Generated by org.testng.reporters.JUnitReportReporter -->
<testsuite hostname="LAPTOP-IQ9B34OU" failures="0" tests="1" name="pojo_script.pojo_For_Int_String_Array" time="0.222" errors="0" timestamp="2022-12-26T16:18:54 IST" skipped="0">
  <testcase classname="pojo_script.pojo_For_Int_String_Array" name="pojo" time="0.222"/>
  <system-out/>
</testsuite> <!-- pojo_script.pojo_For_Int_String_Array -->
