<?xml version="1.0" encoding="UTF-8"?>
<!-- Generated by org.testng.reporters.JUnitReportReporter -->
<testsuite hostname="LAPTOP-IQ9B34OU" failures="0" tests="1" name="pojo_script.pojoIntArray" time="0.164" errors="0" timestamp="2022-12-26T15:39:00 IST" skipped="0">
  <testcase classname="pojo_script.pojoIntArray" name="pojoArray" time="0.164"/>
  <system-out/>
</testsuite> <!-- pojo_script.pojoIntArray -->
