<?xml version="1.0" encoding="UTF-8"?>
<!-- Generated by org.testng.reporters.JUnitReportReporter -->
<testsuite hostname="LAPTOP-IQ9B34OU" failures="0" tests="1" name="fileupload_multi_part.multi_part" time="4.771" errors="0" timestamp="2022-12-29T13:00:43 IST" skipped="0">
  <testcase classname="fileupload_multi_part.multi_part" name="fileupload" time="4.771"/>
  <system-out/>
</testsuite> <!-- fileupload_multi_part.multi_part -->
