<?xml version="1.0" encoding="UTF-8"?>
<!-- Generated by org.testng.reporters.JUnitReportReporter -->
<testsuite hostname="LAPTOP-IQ9B34OU" failures="0" tests="1" name="practice_pro.serialization_pojo" time="0.156" errors="0" timestamp="2022-12-26T19:46:40 IST" skipped="0">
  <testcase classname="practice_pro.serialization_pojo" name="pojo1" time="0.156"/>
  <system-out/>
</testsuite> <!-- practice_pro.serialization_pojo -->
