<?xml version="1.0" encoding="UTF-8"?>
<!-- Generated by org.testng.reporters.JUnitReportReporter -->
<testsuite hostname="LAPTOP-IQ9B34OU" failures="0" tests="1" name="BDD_operation.BDD_get_operation" time="1.549" errors="0" timestamp="2022-12-27T17:47:24 IST" skipped="0">
  <testcase classname="BDD_operation.BDD_get_operation" name="get" time="1.549"/>
  <system-out/>
</testsuite> <!-- BDD_operation.BDD_get_operation -->
