<?xml version="1.0" encoding="UTF-8"?>
<!-- Generated by org.testng.reporters.JUnitReportReporter -->
<testsuite hostname="LAPTOP-IQ9B34OU" failures="0" tests="1" name="authentication.breare_token" time="3.523" errors="0" timestamp="2023-01-02T17:08:04 IST" skipped="0">
  <testcase classname="authentication.breare_token" name="bearer" time="3.523"/>
  <system-out/>
</testsuite> <!-- authentication.breare_token -->
