<?xml version="1.0" encoding="UTF-8"?>
<!-- Generated by org.testng.reporters.JUnitReportReporter -->
<testsuite hostname="LAPTOP-IQ9B34OU" failures="0" tests="1" name="BDD_operation.post_BDD" time="1.265" errors="0" timestamp="2022-12-29T17:19:33 IST" skipped="0">
  <testcase classname="BDD_operation.post_BDD" name="post" time="1.265"/>
  <system-out/>
</testsuite> <!-- BDD_operation.post_BDD -->
