<?xml version="1.0" encoding="UTF-8"?>
<!-- Generated by org.testng.reporters.JUnitReportReporter -->
<testsuite hostname="LAPTOP-IQ9B34OU" failures="0" tests="1" name="authentication.basic_oauth" time="1.305" errors="0" timestamp="2023-01-02T16:44:17 IST" skipped="0">
  <testcase classname="authentication.basic_oauth" name="basic" time="1.305"/>
  <system-out/>
</testsuite> <!-- authentication.basic_oauth -->
