<?xml version="1.0" encoding="UTF-8"?>
<!-- Generated by org.testng.reporters.JUnitReportReporter -->
<testsuite hostname="LAPTOP-IQ9B34OU" failures="0" tests="1" name="post_different_ways.post_using_hashmap" time="1.680" errors="0" timestamp="2022-12-29T11:16:32 IST" skipped="0">
  <testcase classname="post_different_ways.post_using_hashmap" name="post" time="1.680"/>
  <system-out/>
</testsuite> <!-- post_different_ways.post_using_hashmap -->
