<?xml version="1.0" encoding="UTF-8"?>
<!-- Generated by org.testng.reporters.JUnitReportReporter -->
<testsuite hostname="LAPTOP-IQ9B34OU" failures="0" tests="1" name="post_different_ways.posting_data_using_pojoclass" time="1.292" errors="0" timestamp="2022-12-28T17:42:23 IST" skipped="0">
  <testcase classname="post_different_ways.posting_data_using_pojoclass" name="post" time="1.292"/>
  <system-out/>
</testsuite> <!-- post_different_ways.posting_data_using_pojoclass -->
