<?xml version="1.0" encoding="UTF-8"?>
<!-- Generated by org.testng.reporters.JUnitReportReporter -->
<testsuite hostname="LAPTOP-IQ9B34OU" failures="0" tests="1" name="pojo_script.pojo_object_" time="0.211" errors="0" timestamp="2022-12-26T15:44:32 IST" skipped="0">
  <testcase classname="pojo_script.pojo_object_" name="object" time="0.211"/>
  <system-out/>
</testsuite> <!-- pojo_script.pojo_object_ -->
