<?xml version="1.0" encoding="UTF-8"?>
<!-- Generated by org.testng.reporters.JUnitReportReporter -->
<testsuite hostname="LAPTOP-IQ9B34OU" failures="0" tests="2" name="post_different_ways.data_Driven_testing" time="1.494" errors="0" timestamp="2022-12-28T17:57:24 IST" skipped="0">
  <testcase classname="post_different_ways.data_Driven_testing" name="tv" time="0.048"/>
  <system-out/>
  <testcase classname="post_different_ways.data_Driven_testing" name="tv" time="1.446"/>
  <system-out/>
</testsuite> <!-- post_different_ways.data_Driven_testing -->
