<?xml version="1.0" encoding="UTF-8"?>
<!-- Generated by org.testng.reporters.JUnitReportReporter -->
<testsuite hostname="LAPTOP-IQ9B34OU" failures="0" tests="1" name="BDD_operation.get_using_only_port" time="1.329" errors="0" timestamp="2022-12-28T11:09:56 IST" skipped="0">
  <testcase classname="BDD_operation.get_using_only_port" name="get" time="1.329"/>
  <system-out/>
</testsuite> <!-- BDD_operation.get_using_only_port -->
