<?xml version="1.0" encoding="UTF-8"?>
<!-- Generated by org.testng.reporters.JUnitReportReporter -->
<testsuite hostname="LAPTOP-IQ9B34OU" failures="0" tests="1" name="crud_operation_without_BDD.put_method" time="1.457" errors="0" timestamp="2022-12-27T13:19:55 IST" skipped="0">
  <testcase classname="crud_operation_without_BDD.put_method" name="put" time="1.457"/>
  <system-out/>
</testsuite> <!-- crud_operation_without_BDD.put_method -->
