<?xml version="1.0" encoding="UTF-8"?>
<!-- Generated by org.testng.reporters.JUnitReportReporter -->
<testsuite hostname="LAPTOP-IQ9B34OU" failures="0" tests="1" name="BDD_operation.get_project_single_project_" time="1.159" errors="0" timestamp="2022-12-28T11:10:21 IST" skipped="0">
  <testcase classname="BDD_operation.get_project_single_project_" name="get" time="1.159"/>
  <system-out/>
</testsuite> <!-- BDD_operation.get_project_single_project_ -->
