<?xml version="1.0" encoding="UTF-8"?>
<!-- Generated by org.testng.reporters.JUnitReportReporter -->
<testsuite hostname="LAPTOP-IQ9B34OU" failures="0" tests="1" name="validation.validate_header_" time="1.292" errors="0" timestamp="2023-01-02T10:23:39 IST" skipped="0">
  <testcase classname="validation.validate_header_" name="header" time="1.292"/>
  <system-out/>
</testsuite> <!-- validation.validate_header_ -->
