<?xml version="1.0" encoding="UTF-8"?>
<!-- Generated by org.testng.reporters.JUnitReportReporter -->
<testsuite hostname="LAPTOP-IQ9B34OU" failures="0" tests="1" name="BDD_operation.adding_mutiple_Data" time="1.312" errors="0" timestamp="2022-12-27T20:00:32 IST" skipped="0">
  <testcase classname="BDD_operation.adding_mutiple_Data" name="data" time="1.312"/>
  <system-out/>
</testsuite> <!-- BDD_operation.adding_mutiple_Data -->
