<?xml version="1.0" encoding="UTF-8"?>
<!-- Generated by org.testng.reporters.JUnitReportReporter -->
<testsuite hostname="LAPTOP-IQ9B34OU" failures="0" tests="1" name="authentication.oauth_2_0_2" time="3.240" errors="0" timestamp="2023-01-03T10:54:21 IST" skipped="0">
  <testcase classname="authentication.oauth_2_0_2" name="oauth20" time="3.240"/>
  <system-out/>
</testsuite> <!-- authentication.oauth_2_0_2 -->
