<?xml version="1.0" encoding="UTF-8"?>
<!-- Generated by org.testng.reporters.JUnitReportReporter -->
<testsuite hostname="LAPTOP-IQ9B34OU" failures="0" tests="2" name="restassurd_crud_opertaion_using_baseclass.post_using_baseclass" time="1.153" errors="1" timestamp="2023-01-04T15:43:35 IST" skipped="0">
  <testcase classname="restassurd_crud_opertaion_using_baseclass.post_using_baseclass" name="post" time="1.149"/>
  <system-out/>
  <testcase classname="restassurd_crud_opertaion_using_baseclass.post_using_baseclass" name="ASconfig" time="0.004">
    <error type="java.lang.NullPointerException">
      <![CDATA[java.lang.NullPointerException
at generic_utility.DataBaseUtility.closeDataBase(DataBaseUtility.java:71)
at Base_class.base_class_withreqsp.ASconfig(base_class_withreqsp.java:47)
at java.base/jdk.internal.reflect.NativeMethodAccessorImpl.invoke0(Native Method)
at java.base/jdk.internal.reflect.NativeMethodAccessorImpl.invoke(NativeMethodAccessorImpl.java:62)
at java.base/jdk.internal.reflect.DelegatingMethodAccessorImpl.invoke(DelegatingMethodAccessorImpl.java:43)
at java.base/java.lang.reflect.Method.invoke(Method.java:566)
at org.testng.internal.MethodInvocationHelper.invokeMethod(MethodInvocationHelper.java:133)
at org.testng.internal.MethodInvocationHelper.invokeMethodConsideringTimeout(MethodInvocationHelper.java:62)
at org.testng.internal.ConfigInvoker.invokeConfigurationMethod(ConfigInvoker.java:385)
at org.testng.internal.ConfigInvoker.invokeConfigurations(ConfigInvoker.java:321)
at org.testng.SuiteRunner.privateRun(SuiteRunner.java:344)
at org.testng.SuiteRunner.run(SuiteRunner.java:276)
at org.testng.SuiteRunnerWorker.runSuite(SuiteRunnerWorker.java:53)
at org.testng.SuiteRunnerWorker.run(SuiteRunnerWorker.java:96)
at org.testng.TestNG.runSuitesSequentially(TestNG.java:1212)
at org.testng.TestNG.runSuitesLocally(TestNG.java:1134)
at org.testng.TestNG.runSuites(TestNG.java:1063)
at org.testng.TestNG.run(TestNG.java:1031)
at org.testng.remote.AbstractRemoteTestNG.run(AbstractRemoteTestNG.java:115)
at org.testng.remote.RemoteTestNG.initAndRun(RemoteTestNG.java:251)
at org.testng.remote.RemoteTestNG.main(RemoteTestNG.java:77)
]]>
    </error>
  </testcase> <!-- ASconfig -->
  <system-out/>
</testsuite> <!-- restassurd_crud_opertaion_using_baseclass.post_using_baseclass -->
