<?xml version="1.0" encoding="UTF-8"?>
<!-- Generated by org.testng.reporters.JUnitReportReporter -->
<testsuite hostname="LAPTOP-IQ9B34OU" failures="0" tests="1" name="BDD_operation.get_without_port" time="1.259" errors="0" timestamp="2022-12-28T11:13:13 IST" skipped="0">
  <testcase classname="BDD_operation.get_without_port" name="get" time="1.259"/>
  <system-out/>
</testsuite> <!-- BDD_operation.get_without_port -->
