<?xml version="1.0" encoding="UTF-8"?>
<!-- Generated by org.testng.reporters.JUnitReportReporter -->
<testsuite hostname="LAPTOP-IQ9B34OU" failures="0" tests="1" name="validation.validate_Response_body" time="1.875" errors="0" timestamp="2023-01-02T12:02:18 IST" skipped="0">
  <testcase classname="validation.validate_Response_body" name="response" time="1.875"/>
  <system-out/>
</testsuite> <!-- validation.validate_Response_body -->
