<?xml version="1.0" encoding="UTF-8"?>
<!-- Generated by org.testng.reporters.JUnitReportReporter -->
<testsuite hostname="LAPTOP-IQ9B34OU" failures="0" tests="1" name="BDD_operation.put_using_text_" time="1.339" errors="0" timestamp="2022-12-28T13:00:20 IST" skipped="0">
  <testcase classname="BDD_operation.put_using_text_" name="put" time="1.339"/>
  <system-out/>
</testsuite> <!-- BDD_operation.put_using_text_ -->
