<?xml version="1.0" encoding="UTF-8"?>
<!-- Generated by org.testng.reporters.JUnitReportReporter -->
<testsuite hostname="LAPTOP-IQ9B34OU" failures="0" tests="1" name="crud_operation_without_BDD.delete_project" time="1.194" errors="0" timestamp="2022-12-27T15:56:36 IST" skipped="0">
  <testcase classname="crud_operation_without_BDD.delete_project" name="delete" time="1.194"/>
  <system-out/>
</testsuite> <!-- crud_operation_without_BDD.delete_project -->
