<?xml version="1.0" encoding="UTF-8"?>
<!-- Generated by org.testng.reporters.JUnitReportReporter -->
<testsuite hostname="LAPTOP-IQ9B34OU" failures="0" tests="1" name="authentication.oauth2_0" time="3.509" errors="0" timestamp="2023-01-03T11:24:46 IST" skipped="0">
  <testcase classname="authentication.oauth2_0" name="authentication" time="3.509"/>
  <system-out/>
</testsuite> <!-- authentication.oauth2_0 -->
