<?xml version="1.0" encoding="UTF-8"?>
<!-- Generated by org.testng.reporters.JUnitReportReporter -->
<testsuite hostname="LAPTOP-IQ9B34OU" failures="0" tests="1" name="pojo_script.pojo_string_emp" time="0.174" errors="0" timestamp="2022-12-26T15:39:06 IST" skipped="0">
  <testcase classname="pojo_script.pojo_string_emp" name="pojoString" time="0.174"/>
  <system-out/>
</testsuite> <!-- pojo_script.pojo_string_emp -->
