<?xml version="1.0" encoding="UTF-8"?>
<!-- Generated by org.testng.reporters.JUnitReportReporter -->
<testsuite hostname="LAPTOP-IQ9B34OU" failures="0" tests="1" name="BDD_operation.add_and_delete" time="1.232" errors="0" timestamp="2022-12-27T20:18:14 IST" skipped="0">
  <testcase classname="BDD_operation.add_and_delete" name="add" time="1.232"/>
  <system-out/>
</testsuite> <!-- BDD_operation.add_and_delete -->
