<?xml version="1.0" encoding="UTF-8"?>
<!-- Generated by org.testng.reporters.JUnitReportReporter -->
<testsuite hostname="LAPTOP-IQ9B34OU" failures="0" tests="1" name="BDD_operation.add_2_object_in_one_body" time="1.586" errors="0" timestamp="2022-12-28T15:56:55 IST" skipped="0">
  <testcase classname="BDD_operation.add_2_object_in_one_body" name="add" time="1.586"/>
  <system-out/>
</testsuite> <!-- BDD_operation.add_2_object_in_one_body -->
